SF:lib/data/models/member_model.dart
DA:16,2
DA:17,2
LF:2
LH:2
end_of_record
SF:lib/data/models/member_model.g.dart
DA:9,2
DA:10,2
DA:11,4
DA:12,4
DA:13,2
DA:14,2
DA:15,4
DA:18,1
DA:19,1
DA:20,1
DA:21,1
DA:22,1
DA:23,1
DA:24,1
LF:14
LH:14
end_of_record
SF:lib/data/datasources/absence_remote_data_source.dart
DA:16,1
DA:18,1
DA:20,2
DA:21,1
DA:22,1
DA:23,4
DA:26,1
DA:28,1
DA:30,1
DA:31,5
DA:34,1
DA:36,1
DA:38,2
DA:39,1
DA:40,1
DA:41,4
LF:16
LH:16
end_of_record
SF:lib/data/models/absence_model.dart
DA:9,3
DA:26,2
DA:27,2
DA:29,2
DA:30,2
DA:32,2
DA:33,4
DA:34,1
DA:35,1
DA:36,3
DA:37,4
DA:38,4
DA:39,2
DA:40,1
DA:41,2
DA:44,2
DA:45,2
DA:46,2
DA:48,2
DA:49,4
DA:53,4
DA:54,4
DA:55,2
DA:57,2
DA:58,4
DA:59,4
DA:60,6
DA:61,4
DA:62,6
DA:66,2
DA:67,2
DA:68,2
DA:70,2
DA:77,2
DA:78,2
DA:80,1
LF:36
LH:36
end_of_record
SF:lib/data/models/absence_model.g.dart
DA:9,2
DA:10,2
DA:11,4
DA:12,4
DA:13,4
DA:14,2
DA:15,2
DA:16,2
DA:17,4
DA:18,2
DA:19,2
DA:20,2
DA:21,2
DA:22,2
DA:25,1
DA:26,1
DA:27,1
DA:28,1
DA:29,1
DA:30,1
DA:31,1
DA:32,1
DA:33,1
DA:34,1
DA:35,1
DA:36,1
DA:37,1
DA:38,1
LF:28
LH:28
end_of_record
SF:lib/domain/entities/absence.dart
DA:25,5
DA:44,2
DA:45,1
DA:48,1
DA:49,1
DA:50,1
DA:51,1
DA:52,1
DA:53,1
DA:54,1
DA:55,1
DA:56,1
DA:57,1
DA:58,1
DA:61,0
DA:62,0
DA:63,0
DA:64,0
DA:65,0
DA:66,0
DA:67,0
DA:68,0
DA:69,0
DA:70,0
DA:71,0
DA:72,0
DA:73,0
DA:74,0
DA:77,0
DA:78,0
DA:79,0
DA:80,0
DA:83,1
DA:84,5
LF:34
LH:16
end_of_record
SF:lib/data/repositories/absence_repository_impl.dart
DA:14,1
DA:18,1
DA:21,2
DA:22,2
DA:25,1
DA:26,4
DA:28,1
DA:29,4
DA:33,2
DA:34,2
DA:35,2
DA:36,1
DA:37,1
DA:38,1
DA:40,1
DA:42,4
DA:46,1
DA:49,2
DA:50,2
DA:51,1
DA:52,6
DA:53,0
DA:62,1
DA:63,4
DA:65,4
LF:25
LH:24
end_of_record
SF:lib/core/error/failures.dart
DA:7,3
DA:12,0
DA:13,0
DA:17,3
DA:24,0
DA:31,0
LF:6
LH:2
end_of_record
SF:lib/presentation/cubit/absence/absence_cubit.dart
DA:22,0
DA:24,0
DA:26,0
DA:27,0
DA:28,0
DA:30,0
DA:31,0
DA:33,0
DA:34,0
DA:35,0
DA:40,0
DA:41,0
DA:42,0
DA:43,0
DA:45,0
DA:46,0
DA:49,0
DA:50,0
DA:52,0
DA:57,0
DA:59,0
DA:63,0
DA:64,0
DA:65,0
DA:66,0
DA:68,0
DA:69,0
DA:70,0
DA:71,0
DA:72,0
DA:75,0
DA:76,0
DA:79,0
DA:82,0
DA:85,0
DA:87,0
DA:89,0
DA:90,0
DA:92,0
DA:93,0
DA:94,0
DA:99,0
DA:100,0
DA:101,0
DA:103,0
DA:104,0
DA:106,0
DA:107,0
DA:108,0
DA:109,0
DA:110,0
DA:112,0
DA:117,0
DA:118,0
DA:119,0
DA:121,0
DA:122,0
DA:123,0
DA:124,0
DA:126,0
DA:127,0
DA:128,0
DA:129,0
DA:130,0
DA:131,0
DA:137,0
DA:138,0
DA:139,0
DA:141,0
DA:142,0
DA:144,0
DA:145,0
DA:146,0
DA:147,0
DA:148,0
DA:149,0
DA:150,0
DA:156,0
DA:157,0
DA:160,0
DA:161,0
DA:162,0
DA:163,0
DA:166,0
DA:167,0
DA:168,0
DA:172,0
DA:173,0
DA:175,0
DA:176,0
DA:177,0
DA:180,0
DA:181,0
DA:182,0
DA:183,0
DA:184,0
DA:186,0
DA:187,0
DA:188,0
DA:189,0
DA:190,0
DA:191,0
DA:192,0
DA:193,0
DA:194,0
DA:195,0
DA:196,0
DA:197,0
DA:201,0
DA:202,0
DA:203,0
DA:206,0
DA:208,0
DA:209,0
DA:212,0
DA:216,0
DA:217,0
DA:218,0
DA:219,0
DA:222,0
DA:227,0
DA:228,0
DA:231,0
DA:232,0
DA:233,0
DA:236,0
DA:238,0
DA:239,0
DA:240,0
DA:241,0
DA:242,0
DA:244,0
DA:248,0
DA:249,0
DA:250,0
DA:251,0
DA:252,0
DA:253,0
DA:254,0
DA:255,0
DA:256,0
DA:257,0
DA:258,0
DA:264,0
DA:265,0
DA:266,0
DA:267,0
DA:268,0
DA:269,0
DA:275,0
DA:276,0
DA:277,0
DA:278,0
LF:153
LH:0
end_of_record
SF:lib/domain/usecases/get_absences.dart
DA:11,1
DA:13,1
DA:14,2
LF:3
LH:3
end_of_record
SF:lib/presentation/cubit/absence/absence_state.dart
DA:6,3
DA:8,0
DA:9,0
DA:13,3
DA:17,3
DA:30,1
DA:41,0
DA:42,0
DA:43,0
DA:44,0
DA:45,0
DA:46,0
DA:47,0
DA:48,0
DA:49,0
DA:50,0
DA:53,0
DA:63,0
DA:64,0
DA:65,0
DA:66,0
DA:67,0
DA:68,0
DA:69,0
DA:70,0
DA:71,0
DA:79,0
DA:81,0
DA:82,0
DA:88,2
DA:90,0
DA:91,0
LF:32
LH:5
end_of_record
SF:lib/presentation/widgets/absence_stats.dart
DA:8,2
DA:10,1
DA:11,1
DA:15,1
DA:17,1
DA:18,3
DA:21,1
DA:23,1
DA:24,1
DA:25,1
DA:26,1
DA:28,2
DA:30,1
DA:32,1
DA:34,1
DA:35,1
DA:37,1
DA:38,1
DA:39,1
DA:47,1
DA:55,1
DA:63,1
DA:71,1
DA:79,1
DA:87,1
DA:95,1
DA:111,1
DA:116,1
DA:117,1
DA:119,1
DA:120,1
DA:121,1
DA:124,1
DA:126,3
DA:129,1
DA:131,2
DA:133,1
DA:135,1
DA:137,1
DA:138,1
DA:140,1
DA:141,1
DA:142,1
DA:144,1
DA:145,1
DA:151,3
DA:152,1
DA:153,1
DA:155,5
DA:156,4
DA:160,1
DA:161,2
DA:165,2
DA:169,0
DA:173,0
DA:181,1
DA:182,1
DA:183,1
DA:184,4
DA:185,1
DA:186,1
DA:195,1
DA:197,2
DA:202,1
DA:203,1
DA:205,2
DA:210,1
DA:211,1
DA:213,1
DA:229,1
DA:230,1
DA:231,2
DA:232,2
DA:233,3
DA:238,1
DA:239,1
DA:240,2
DA:241,2
DA:242,3
DA:255,1
DA:263,1
DA:265,1
DA:268,1
DA:270,1
DA:271,1
DA:272,1
DA:273,2
DA:278,3
DA:280,1
DA:282,1
DA:283,1
DA:284,1
DA:285,1
DA:286,1
DA:287,2
DA:288,1
DA:291,3
DA:294,1
DA:295,1
DA:296,1
DA:308,1
DA:309,1
DA:310,1
DA:313,1
DA:318,2
DA:319,1
DA:320,1
DA:321,1
DA:324,1
DA:326,2
DA:330,1
DA:331,1
DA:340,1
DA:341,1
LF:114
LH:112
end_of_record
SF:lib/core/usecase/usecase.dart
DA:12,1
LF:1
LH:1
end_of_record
SF:lib/data/datasources/absence_local_data_source.dart
DA:12,0
DA:13,0
DA:15,0
LF:3
LH:0
end_of_record
SF:lib/presentation/cubit/theme/theme_cubit.dart
DA:6,0
DA:8,0
DA:9,0
LF:3
LH:0
end_of_record
SF:lib/core/di/injection.dart
DA:5,0
DA:7,0
DA:8,0
LF:3
LH:0
end_of_record
SF:lib/core/utils/file_download_util.dart
DA:5,0
DA:10,0
LF:2
LH:0
end_of_record
SF:lib/core/utils/file_download_util_io.dart
DA:2,0
DA:8,0
DA:9,0
LF:3
LH:0
end_of_record
SF:lib/main.dart
DA:8,0
DA:9,0
DA:10,0
DA:11,0
DA:15,1
DA:17,0
DA:19,0
DA:20,0
DA:21,0
DA:22,0
DA:24,0
DA:25,0
DA:28,0
DA:29,0
DA:30,0
DA:32,0
DA:33,0
DA:38,0
DA:40,0
DA:41,0
DA:49,0
DA:50,0
DA:55,0
DA:57,0
DA:58,0
LF:25
LH:1
end_of_record
SF:lib/presentation/routes/app_router.dart
DA:8,0
DA:9,0
DA:10,0
DA:11,0
DA:12,0
DA:18,0
DA:19,0
DA:20,0
DA:21,0
DA:32,1
DA:37,0
DA:38,0
DA:46,0
DA:47,0
DA:50,0
DA:51,0
DA:54,0
DA:56,0
DA:57,0
DA:58,0
DA:59,0
DA:61,0
DA:62,0
DA:63,0
DA:64,0
DA:65,0
LF:26
LH:1
end_of_record
SF:lib/presentation/pages/absence_list_page.dart
DA:6,1
DA:8,0
DA:10,0
DA:11,0
DA:13,0
LF:5
LH:1
end_of_record
SF:lib/presentation/widgets/absence_list.dart
DA:11,1
DA:13,0
DA:15,0
DA:16,0
DA:17,0
DA:18,0
DA:22,0
DA:26,0
DA:27,0
DA:28,0
DA:29,0
DA:33,0
DA:34,0
DA:44,1
DA:46,0
DA:48,0
DA:51,0
DA:53,0
DA:54,0
DA:55,0
DA:56,0
DA:62,0
DA:64,0
DA:65,0
DA:66,0
DA:76,0
DA:78,0
DA:79,0
DA:80,0
DA:82,0
DA:84,0
DA:93,0
DA:95,0
DA:96,0
DA:107,0
DA:109,0
DA:111,0
DA:170,0
DA:172,0
DA:174,0
DA:175,0
DA:180,0
DA:181,0
DA:183,0
DA:201,0
DA:203,0
DA:205,0
DA:223,0
DA:228,0
DA:230,0
DA:231,0
DA:233,0
DA:240,0
DA:241,0
DA:249,0
DA:250,0
DA:253,0
DA:268,0
DA:272,0
DA:274,0
DA:277,0
DA:279,0
DA:280,0
DA:281,0
DA:282,0
DA:288,0
DA:290,0
DA:291,0
DA:292,0
DA:302,0
DA:304,0
DA:305,0
DA:306,0
DA:308,0
DA:310,0
DA:311,0
DA:314,0
DA:315,0
DA:324,0
DA:326,0
DA:327,0
DA:335,0
DA:337,0
DA:338,0
DA:339,0
DA:340,0
DA:341,0
DA:343,0
DA:344,0
DA:353,0
DA:360,0
DA:365,0
DA:366,0
DA:376,0
DA:378,0
DA:380,0
DA:439,0
DA:440,0
DA:442,0
DA:444,0
DA:445,0
DA:450,0
DA:451,0
DA:453,0
DA:482,0
DA:483,0
DA:484,0
DA:485,0
DA:486,0
DA:487,0
DA:488,0
DA:489,0
DA:490,0
DA:491,0
DA:496,0
DA:497,0
DA:513,0
DA:523,0
DA:524,0
DA:526,0
DA:527,0
DA:528,0
DA:529,0
DA:530,0
DA:531,0
DA:532,0
DA:533,0
DA:538,0
DA:541,0
DA:542,0
DA:545,0
DA:552,0
DA:553,0
DA:554,0
DA:556,0
DA:557,0
DA:558,0
DA:560,0
DA:561,0
DA:562,0
DA:563,0
DA:564,0
DA:565,0
DA:569,0
DA:570,0
DA:572,0
DA:573,0
DA:574,0
DA:585,0
DA:586,0
DA:587,0
DA:597,0
DA:599,0
DA:600,0
DA:607,0
DA:609,0
DA:610,0
DA:617,0
DA:619,0
DA:620,0
DA:627,0
DA:629,0
DA:631,0
DA:632,0
DA:633,0
DA:635,0
DA:636,0
DA:637,0
DA:657,0
DA:663,0
DA:665,0
DA:667,0
DA:668,0
DA:670,0
DA:671,0
DA:672,0
DA:674,0
DA:675,0
DA:681,0
DA:682,0
DA:684,0
DA:685,0
DA:686,0
DA:693,0
DA:694,0
LF:185
LH:2
end_of_record
SF:lib/presentation/widgets/layouts/dashboard_layout.dart
DA:14,0
DA:25,0
DA:27,0
DA:28,0
DA:29,0
DA:30,0
DA:31,0
DA:32,0
DA:34,0
DA:35,0
DA:38,0
DA:39,0
DA:40,0
DA:41,0
DA:42,0
DA:45,0
DA:46,0
DA:47,0
DA:49,0
DA:50,0
DA:53,0
DA:54,0
DA:58,0
DA:59,0
DA:61,0
DA:62,0
DA:63,0
DA:64,0
DA:66,0
DA:81,0
DA:82,0
DA:83,0
DA:85,0
DA:86,0
DA:87,0
DA:88,0
DA:90,0
DA:91,0
DA:92,0
LF:39
LH:0
end_of_record
SF:lib/presentation/widgets/absence_details_dialog.dart
DA:12,0
DA:23,0
DA:26,0
DA:27,0
DA:30,0
DA:37,0
DA:38,0
DA:39,0
DA:41,0
DA:42,0
DA:43,0
DA:45,0
DA:47,0
DA:50,0
DA:51,0
DA:52,0
DA:53,0
DA:54,0
DA:55,0
DA:56,0
DA:60,0
DA:61,0
DA:63,0
DA:64,0
DA:65,0
DA:76,0
DA:77,0
DA:79,0
DA:80,0
DA:81,0
DA:89,0
DA:91,0
DA:92,0
DA:93,0
DA:95,0
DA:96,0
DA:97,0
DA:109,0
DA:111,0
DA:115,0
DA:117,0
DA:121,0
DA:123,0
DA:126,0
DA:128,0
DA:130,0
DA:134,0
DA:135,0
DA:137,0
DA:138,0
DA:139,0
DA:157,0
DA:163,0
DA:165,0
DA:167,0
DA:168,0
DA:170,0
DA:171,0
DA:172,0
DA:174,0
DA:175,0
DA:181,0
DA:182,0
DA:184,0
DA:185,0
DA:186,0
DA:193,0
DA:194,0
LF:68
LH:0
end_of_record
SF:lib/presentation/widgets/absence_filters.dart
DA:10,0
DA:15,0
DA:17,0
DA:18,0
DA:19,0
DA:21,0
DA:23,0
DA:24,0
DA:25,0
DA:26,0
DA:32,0
DA:33,0
DA:34,0
DA:36,0
DA:37,0
DA:39,0
DA:41,0
DA:42,0
DA:49,0
DA:50,0
DA:51,0
DA:53,0
DA:54,0
DA:55,0
DA:57,0
DA:59,0
DA:60,0
DA:67,0
DA:71,0
DA:75,0
DA:79,0
DA:84,0
DA:86,0
DA:87,0
DA:88,0
DA:90,0
DA:91,0
DA:92,0
DA:103,0
DA:104,0
DA:109,0
DA:111,0
DA:113,0
DA:114,0
DA:115,0
DA:116,0
DA:122,0
DA:123,0
DA:124,0
DA:126,0
DA:127,0
DA:129,0
DA:131,0
DA:132,0
DA:139,0
DA:140,0
DA:141,0
DA:143,0
DA:144,0
DA:145,0
DA:147,0
DA:149,0
DA:150,0
DA:157,0
DA:161,0
DA:165,0
DA:169,0
DA:174,0
DA:176,0
DA:177,0
DA:178,0
DA:180,0
DA:181,0
DA:182,0
DA:193,0
DA:194,0
DA:199,0
DA:202,0
DA:204,0
DA:205,0
DA:206,0
DA:207,0
DA:213,0
DA:214,0
DA:215,0
DA:217,0
DA:218,0
DA:219,0
DA:220,0
DA:221,0
DA:222,0
DA:223,0
DA:231,0
DA:232,0
DA:241,0
DA:244,0
DA:246,0
DA:247,0
DA:249,0
DA:250,0
DA:251,0
DA:252,0
DA:253,0
DA:254,0
DA:258,0
DA:260,0
DA:262,0
DA:263,0
DA:267,0
LF:109
LH:0
end_of_record
SF:lib/presentation/widgets/pagination_controls.dart
DA:7,1
DA:9,0
DA:11,0
DA:12,0
DA:13,0
DA:15,0
DA:16,0
DA:17,0
DA:19,0
DA:21,0
DA:23,0
DA:27,0
DA:29,0
DA:30,0
DA:32,0
DA:34,0
DA:35,0
DA:37,0
DA:43,0
DA:45,0
DA:46,0
DA:50,0
DA:52,0
DA:55,0
DA:58,0
DA:60,0
DA:61,0
DA:62,0
DA:63,0
DA:70,0
DA:72,0
DA:74,0
DA:76,0
DA:77,0
DA:93,0
DA:99,0
DA:101,0
DA:103,0
DA:104,0
DA:108,0
DA:111,0
DA:112,0
DA:113,0
DA:116,0
DA:117,0
DA:121,0
DA:122,0
DA:126,0
DA:127,0
DA:131,0
DA:137,0
DA:138,0
DA:140,0
DA:142,0
DA:145,0
DA:146,0
DA:147,0
DA:148,0
DA:150,0
DA:153,0
DA:163,0
DA:164,0
DA:165,0
LF:63
LH:1
end_of_record
SF:lib/presentation/widgets/layouts/sidebar.dart
DA:11,0
DA:19,0
DA:21,0
DA:22,0
DA:23,0
DA:25,0
DA:28,0
DA:29,0
DA:32,0
DA:33,0
DA:45,0
DA:50,0
DA:52,0
DA:53,0
DA:54,0
DA:55,0
DA:56,0
DA:59,0
DA:60,0
DA:61,0
DA:64,0
DA:67,0
DA:68,0
DA:69,0
DA:72,0
DA:75,0
DA:76,0
DA:77,0
DA:80,0
DA:83,0
DA:84,0
DA:85,0
DA:88,0
DA:91,0
DA:92,0
DA:93,0
DA:96,0
DA:99,0
DA:100,0
DA:101,0
DA:109,0
DA:111,0
DA:112,0
DA:113,0
DA:116,0
DA:135,0
DA:144,0
DA:146,0
DA:147,0
DA:148,0
DA:149,0
DA:150,0
DA:151,0
DA:152,0
DA:157,0
DA:160,0
DA:161,0
DA:162,0
DA:163,0
DA:165,0
DA:170,0
DA:172,0
DA:173,0
DA:174,0
DA:175,0
DA:176,0
DA:178,0
DA:181,0
LF:68
LH:0
end_of_record
SF:lib/presentation/widgets/layouts/header.dart
DA:11,0
DA:19,0
DA:21,0
DA:23,0
DA:24,0
DA:26,0
DA:27,0
DA:28,0
DA:29,0
DA:30,0
DA:36,0
DA:37,0
DA:38,0
DA:39,0
DA:40,0
DA:42,0
DA:44,0
DA:48,0
DA:49,0
DA:50,0
DA:51,0
DA:52,0
DA:53,0
DA:54,0
DA:56,0
DA:61,0
DA:63,0
DA:64,0
DA:65,0
DA:66,0
DA:67,0
DA:69,0
DA:74,0
DA:75,0
DA:77,0
DA:79,0
DA:84,0
DA:86,0
DA:87,0
DA:90,0
LF:40
LH:0
end_of_record
